[2021-06-28 12:21:03] production.DEBUG: select * from information_schema.tables where table_schema = ? and table_name = ? {"params":["forge","migrations"],"time":458.65} 
[2021-06-28 12:21:05] production.DEBUG: select `migration` from `migrations` order by `batch` asc, `migration` asc {"params":[],"time":187.8} 
[2021-06-28 12:21:06] production.DEBUG: select max(`batch`) as aggregate from `migrations` {"params":[],"time":64.69} 
[2021-06-28 12:21:07] production.ERROR: SQLSTATE[42S01]: Base table or view already exists: 1050 Table 'accounts' already exists (SQL: create table `accounts` (`id` int unsigned not null auto_increment primary key, `user_id` int unsigned not null, `code` varchar(50) not null, `balance` decimal(20, 2) not null default '0', `created_at` timestamp null, `updated_at` timestamp null) default character set utf8 collate 'utf8_unicode_ci' engine = InnoDB) {"exception":"[object] (Illuminate\\Database\\QueryException(code: 42S01): SQLSTATE[42S01]: Base table or view already exists: 1050 Table 'accounts' already exists (SQL: create table `accounts` (`id` int unsigned not null auto_increment primary key, `user_id` int unsigned not null, `code` varchar(50) not null, `balance` decimal(20, 2) not null default '0', `created_at` timestamp null, `updated_at` timestamp null) default character set utf8 collate 'utf8_unicode_ci' engine = InnoDB) at E:\\my working files\\Laravel\\crypto-casino-slot-machine-online-gambling-platform-laravel-5-application\\vendor\\laravel\\framework\\src\\Illuminate\\Database\\Connection.php:664, PDOException(code: 42S01): SQLSTATE[42S01]: Base table or view already exists: 1050 Table 'accounts' already exists at E:\\my working files\\Laravel\\crypto-casino-slot-machine-online-gambling-platform-laravel-5-application\\vendor\\laravel\\framework\\src\\Illuminate\\Database\\Connection.php:458)
[stacktrace]
#0 E:\\my working files\\Laravel\\crypto-casino-slot-machine-online-gambling-platform-laravel-5-application\\vendor\\laravel\\framework\\src\\Illuminate\\Database\\Connection.php(624): Illuminate\\Database\\Connection->runQueryCallback('create table `a...', Array, Object(Closure))
#1 E:\\my working files\\Laravel\\crypto-casino-slot-machine-online-gambling-platform-laravel-5-application\\vendor\\laravel\\framework\\src\\Illuminate\\Database\\Connection.php(459): Illuminate\\Database\\Connection->run('create table `a...', Array, Object(Closure))
#2 E:\\my working files\\Laravel\\crypto-casino-slot-machine-online-gambling-platform-laravel-5-application\\vendor\\laravel\\framework\\src\\Illuminate\\Database\\Schema\\Blueprint.php(97): Illuminate\\Database\\Connection->statement('create table `a...')
#3 E:\\my working files\\Laravel\\crypto-casino-slot-machine-online-gambling-platform-laravel-5-application\\vendor\\laravel\\framework\\src\\Illuminate\\Database\\Schema\\Builder.php(264): Illuminate\\Database\\Schema\\Blueprint->build(Object(Illuminate\\Database\\MySqlConnection), Object(Illuminate\\Database\\Schema\\Grammars\\MySqlGrammar))
#4 E:\\my working files\\Laravel\\crypto-casino-slot-machine-online-gambling-platform-laravel-5-application\\vendor\\laravel\\framework\\src\\Illuminate\\Database\\Schema\\Builder.php(165): Illuminate\\Database\\Schema\\Builder->build(Object(Illuminate\\Database\\Schema\\Blueprint))
#5 E:\\my working files\\Laravel\\crypto-casino-slot-machine-online-gambling-platform-laravel-5-application\\vendor\\laravel\\framework\\src\\Illuminate\\Support\\Facades\\Facade.php(237): Illuminate\\Database\\Schema\\Builder->create('accounts', Object(Closure))
#6 E:\\my working files\\Laravel\\crypto-casino-slot-machine-online-gambling-platform-laravel-5-application\\database\\migrations\\2018_11_28_000000_create_accounts_table.php(25): Illuminate\\Support\\Facades\\Facade::__callStatic('create', Array)
#7 E:\\my working files\\Laravel\\crypto-casino-slot-machine-online-gambling-platform-laravel-5-application\\vendor\\laravel\\framework\\src\\Illuminate\\Database\\Migrations\\Migrator.php(360): CreateAccountsTable->up()
#8 E:\\my working files\\Laravel\\crypto-casino-slot-machine-online-gambling-platform-laravel-5-application\\vendor\\laravel\\framework\\src\\Illuminate\\Database\\Migrations\\Migrator.php(367): Illuminate\\Database\\Migrations\\Migrator->Illuminate\\Database\\Migrations\\{closure}()
#9 E:\\my working files\\Laravel\\crypto-casino-slot-machine-online-gambling-platform-laravel-5-application\\vendor\\laravel\\framework\\src\\Illuminate\\Database\\Migrations\\Migrator.php(178): Illuminate\\Database\\Migrations\\Migrator->runMigration(Object(CreateAccountsTable), 'up')
#10 E:\\my working files\\Laravel\\crypto-casino-slot-machine-online-gambling-platform-laravel-5-application\\vendor\\laravel\\framework\\src\\Illuminate\\Database\\Migrations\\Migrator.php(147): Illuminate\\Database\\Migrations\\Migrator->runUp('E:\\\\my working f...', 2, false)
#11 E:\\my working files\\Laravel\\crypto-casino-slot-machine-online-gambling-platform-laravel-5-application\\vendor\\laravel\\framework\\src\\Illuminate\\Database\\Migrations\\Migrator.php(96): Illuminate\\Database\\Migrations\\Migrator->runPending(Array, Array)
#12 E:\\my working files\\Laravel\\crypto-casino-slot-machine-online-gambling-platform-laravel-5-application\\vendor\\laravel\\framework\\src\\Illuminate\\Database\\Console\\Migrations\\MigrateCommand.php(71): Illuminate\\Database\\Migrations\\Migrator->run(Array, Array)
#13 [internal function]: Illuminate\\Database\\Console\\Migrations\\MigrateCommand->handle()
#14 E:\\my working files\\Laravel\\crypto-casino-slot-machine-online-gambling-platform-laravel-5-application\\vendor\\laravel\\framework\\src\\Illuminate\\Container\\BoundMethod.php(29): call_user_func_array(Array, Array)
#15 E:\\my working files\\Laravel\\crypto-casino-slot-machine-online-gambling-platform-laravel-5-application\\vendor\\laravel\\framework\\src\\Illuminate\\Container\\BoundMethod.php(87): Illuminate\\Container\\BoundMethod::Illuminate\\Container\\{closure}()
#16 E:\\my working files\\Laravel\\crypto-casino-slot-machine-online-gambling-platform-laravel-5-application\\vendor\\laravel\\framework\\src\\Illuminate\\Container\\BoundMethod.php(31): Illuminate\\Container\\BoundMethod::callBoundMethod(Object(Illuminate\\Foundation\\Application), Array, Object(Closure))
#17 E:\\my working files\\Laravel\\crypto-casino-slot-machine-online-gambling-platform-laravel-5-application\\vendor\\laravel\\framework\\src\\Illuminate\\Container\\Container.php(572): Illuminate\\Container\\BoundMethod::call(Object(Illuminate\\Foundation\\Application), Array, Array, NULL)
#18 E:\\my working files\\Laravel\\crypto-casino-slot-machine-online-gambling-platform-laravel-5-application\\vendor\\laravel\\framework\\src\\Illuminate\\Console\\Command.php(183): Illuminate\\Container\\Container->call(Array)
#19 E:\\my working files\\Laravel\\crypto-casino-slot-machine-online-gambling-platform-laravel-5-application\\vendor\\symfony\\console\\Command\\Command.php(255): Illuminate\\Console\\Command->execute(Object(Symfony\\Component\\Console\\Input\\ArgvInput), Object(Illuminate\\Console\\OutputStyle))
#20 E:\\my working files\\Laravel\\crypto-casino-slot-machine-online-gambling-platform-laravel-5-application\\vendor\\laravel\\framework\\src\\Illuminate\\Console\\Command.php(170): Symfony\\Component\\Console\\Command\\Command->run(Object(Symfony\\Component\\Console\\Input\\ArgvInput), Object(Illuminate\\Console\\OutputStyle))
#21 E:\\my working files\\Laravel\\crypto-casino-slot-machine-online-gambling-platform-laravel-5-application\\vendor\\symfony\\console\\Application.php(917): Illuminate\\Console\\Command->run(Object(Symfony\\Component\\Console\\Input\\ArgvInput), Object(Symfony\\Component\\Console\\Output\\ConsoleOutput))
#22 E:\\my working files\\Laravel\\crypto-casino-slot-machine-online-gambling-platform-laravel-5-application\\vendor\\symfony\\console\\Application.php(269): Symfony\\Component\\Console\\Application->doRunCommand(Object(Illuminate\\Database\\Console\\Migrations\\MigrateCommand), Object(Symfony\\Component\\Console\\Input\\ArgvInput), Object(Symfony\\Component\\Console\\Output\\ConsoleOutput))
#23 E:\\my working files\\Laravel\\crypto-casino-slot-machine-online-gambling-platform-laravel-5-application\\vendor\\symfony\\console\\Application.php(145): Symfony\\Component\\Console\\Application->doRun(Object(Symfony\\Component\\Console\\Input\\ArgvInput), Object(Symfony\\Component\\Console\\Output\\ConsoleOutput))
#24 E:\\my working files\\Laravel\\crypto-casino-slot-machine-online-gambling-platform-laravel-5-application\\vendor\\laravel\\framework\\src\\Illuminate\\Console\\Application.php(89): Symfony\\Component\\Console\\Application->run(Object(Symfony\\Component\\Console\\Input\\ArgvInput), Object(Symfony\\Component\\Console\\Output\\ConsoleOutput))
#25 E:\\my working files\\Laravel\\crypto-casino-slot-machine-online-gambling-platform-laravel-5-application\\vendor\\laravel\\framework\\src\\Illuminate\\Foundation\\Console\\Kernel.php(122): Illuminate\\Console\\Application->run(Object(Symfony\\Component\\Console\\Input\\ArgvInput), Object(Symfony\\Component\\Console\\Output\\ConsoleOutput))
#26 E:\\my working files\\Laravel\\crypto-casino-slot-machine-online-gambling-platform-laravel-5-application\\artisan(37): Illuminate\\Foundation\\Console\\Kernel->handle(Object(Symfony\\Component\\Console\\Input\\ArgvInput), Object(Symfony\\Component\\Console\\Output\\ConsoleOutput))
#27 {main}
"} 
[2021-06-28 12:23:44] production.DEBUG: select * from information_schema.tables where table_schema = ? and table_name = ? {"params":["stake","migrations"],"time":14.43} 
[2021-06-28 12:23:46] production.DEBUG: create table `migrations` (`id` int unsigned not null auto_increment primary key, `migration` varchar(255) not null, `batch` int not null) default character set utf8 collate 'utf8_unicode_ci' engine = InnoDB {"params":[],"time":1986.18} 
[2021-06-28 12:23:46] production.DEBUG: select `migration` from `migrations` order by `batch` asc, `migration` asc {"params":[],"time":2.53} 
[2021-06-28 12:23:47] production.DEBUG: select max(`batch`) as aggregate from `migrations` {"params":[],"time":0.56} 
[2021-06-28 12:23:53] production.DEBUG: create table `users` (`id` int unsigned not null auto_increment primary key, `name` varchar(100) not null, `email` varchar(255) not null, `role` varchar(50) not null, `status` tinyint not null, `password` varchar(255) not null, `remember_token` varchar(100) null, `last_login_from` varchar(45) null, `last_login_at` datetime null, `email_verified_at` timestamp null, `created_at` timestamp null, `updated_at` timestamp null) default character set utf8 collate 'utf8_unicode_ci' engine = InnoDB {"params":[],"time":6014.21} 
[2021-06-28 12:23:56] production.DEBUG: alter table `users` add index `users_role_index`(`role`) {"params":[],"time":3683.53} 
[2021-06-28 12:23:59] production.DEBUG: alter table `users` add index `users_status_index`(`status`) {"params":[],"time":2389.08} 
[2021-06-28 12:24:04] production.DEBUG: alter table `users` add unique `users_name_unique`(`name`) {"params":[],"time":4862.5} 
[2021-06-28 12:24:08] production.DEBUG: alter table `users` add unique `users_email_unique`(`email`) {"params":[],"time":4033.5} 
[2021-06-28 12:24:08] production.DEBUG: insert into `migrations` (`migration`, `batch`) values (?, ?) {"params":["2014_10_12_000000_create_users_table",1],"time":197.19} 
[2021-06-28 12:24:12] production.DEBUG: create table `password_resets` (`email` varchar(255) not null, `token` varchar(255) not null, `created_at` timestamp null) default character set utf8 collate 'utf8_unicode_ci' engine = InnoDB {"params":[],"time":3808.01} 
[2021-06-28 12:24:14] production.DEBUG: alter table `password_resets` add index `password_resets_email_index`(`email`) {"params":[],"time":2887.56} 
[2021-06-28 12:24:15] production.DEBUG: insert into `migrations` (`migration`, `batch`) values (?, ?) {"params":["2014_10_12_100000_create_password_resets_table",1],"time":531.68} 
[2021-06-28 12:24:18] production.DEBUG: create table `accounts` (`id` int unsigned not null auto_increment primary key, `user_id` int unsigned not null, `code` varchar(50) not null, `balance` decimal(20, 2) not null default '0', `created_at` timestamp null, `updated_at` timestamp null) default character set utf8 collate 'utf8_unicode_ci' engine = InnoDB {"params":[],"time":2919.7} 
[2021-06-28 12:24:30] production.DEBUG: alter table `accounts` add constraint `accounts_user_id_foreign` foreign key (`user_id`) references `users` (`id`) on delete cascade on update cascade {"params":[],"time":12537.47} 
[2021-06-28 12:24:38] production.DEBUG: alter table `accounts` add unique `accounts_code_unique`(`code`) {"params":[],"time":8057.37} 
[2021-06-28 12:24:39] production.DEBUG: insert into `migrations` (`migration`, `batch`) values (?, ?) {"params":["2018_11_28_000000_create_accounts_table",1],"time":738.93} 
[2021-06-28 12:24:44] production.DEBUG: create table `account_transactions` (`id` int unsigned not null auto_increment primary key, `account_id` int unsigned not null, `amount` decimal(20, 2) not null, `balance` decimal(20, 2) not null, `transactionable_type` varchar(255) not null, `transactionable_id` bigint unsigned not null, `created_at` timestamp null, `updated_at` timestamp null) default character set utf8 collate 'utf8_unicode_ci' engine = InnoDB {"params":[],"time":5118.14} 
[2021-06-28 12:24:48] production.DEBUG: alter table `account_transactions` add index `account_transactions_morph`(`transactionable_type`, `transactionable_id`) {"params":[],"time":3595.26} 
[2021-06-28 12:25:02] production.DEBUG: alter table `account_transactions` add constraint `account_transactions_account_id_foreign` foreign key (`account_id`) references `accounts` (`id`) on delete cascade on update cascade {"params":[],"time":14435.28} 
[2021-06-28 12:25:03] production.DEBUG: insert into `migrations` (`migration`, `batch`) values (?, ?) {"params":["2018_11_28_000001_create_account_transactions_table",1],"time":512.5} 
[2021-06-28 12:25:05] production.DEBUG: create table `games` (`id` int unsigned not null auto_increment primary key, `account_id` int unsigned not null, `gameable_type` varchar(255) not null, `gameable_id` bigint unsigned not null, `bet` decimal(16, 2) not null, `win` decimal(16, 2) not null, `result` varchar(100) null, `created_at` timestamp null, `updated_at` timestamp null) default character set utf8 collate 'utf8_unicode_ci' engine = InnoDB {"params":[],"time":1973.33} 
[2021-06-28 12:25:08] production.DEBUG: alter table `games` add index `game_morph`(`gameable_type`, `gameable_id`) {"params":[],"time":2821.2} 
[2021-06-28 12:25:18] production.DEBUG: alter table `games` add constraint `games_account_id_foreign` foreign key (`account_id`) references `accounts` (`id`) on delete cascade on update cascade {"params":[],"time":10015.94} 
[2021-06-28 12:25:18] production.DEBUG: insert into `migrations` (`migration`, `batch`) values (?, ?) {"params":["2018_11_29_000000_create_games_table",1],"time":300.1} 
[2021-06-28 12:25:20] production.DEBUG: create table `game_slots` (`id` int unsigned not null auto_increment primary key, `lines_bet` int not null, `lines_win` int not null, `scatters_count` int not null, `reel_positions` varchar(50) not null, `created_at` timestamp null, `updated_at` timestamp null) default character set utf8 collate 'utf8_unicode_ci' engine = InnoDB {"params":[],"time":2406.63} 
[2021-06-28 12:25:21] production.DEBUG: insert into `migrations` (`migration`, `batch`) values (?, ?) {"params":["2018_11_29_000001_create_game_slots_table",1],"time":511.8} 
[2021-06-28 12:25:22] production.DEBUG: alter table `games` drop `result` {"params":[],"time":1238.54} 
[2021-06-28 12:25:23] production.DEBUG: insert into `migrations` (`migration`, `batch`) values (?, ?) {"params":["2019_01_14_114519_alter_games_table_delete_result",1],"time":331.58} 
[2021-06-28 12:25:23] production.DEBUG: alter table `games` add `status` tinyint not null after `win` {"params":[],"time":802.99} 
[2021-06-28 12:25:26] production.DEBUG: alter table `games` add index `games_status_index`(`status`) {"params":[],"time":2428.66} 
[2021-06-28 12:25:26] production.DEBUG: update `games` set `status` = ? {"params":[1],"time":0.6} 
[2021-06-28 12:25:27] production.DEBUG: insert into `migrations` (`migration`, `batch`) values (?, ?) {"params":["2019_01_14_160000_alter_games_table_add_status",1],"time":1057.2} 
[2021-06-28 12:25:28] production.DEBUG: alter table `users` add `referrer_id` int unsigned null after `id` {"params":[],"time":1508.6} 
[2021-06-28 12:25:44] production.DEBUG: alter table `users` add constraint `users_referrer_id_foreign` foreign key (`referrer_id`) references `users` (`id`) on delete cascade on update cascade {"params":[],"time":15022.19} 
[2021-06-28 12:25:44] production.DEBUG: insert into `migrations` (`migration`, `batch`) values (?, ?) {"params":["2019_02_18_101050_alter_users_table_add_referrer_id",1],"time":685.09} 
[2021-06-28 12:25:48] production.DEBUG: create table `referral_bonuses` (`id` int unsigned not null auto_increment primary key, `user_id` int unsigned not null, `type` tinyint not null, `amount` decimal(20, 2) not null, `created_at` timestamp null, `updated_at` timestamp null) default character set utf8 collate 'utf8_unicode_ci' engine = InnoDB {"params":[],"time":3799.45} 
[2021-06-28 12:25:58] production.DEBUG: alter table `referral_bonuses` add constraint `referral_bonuses_user_id_foreign` foreign key (`user_id`) references `users` (`id`) on delete cascade on update cascade {"params":[],"time":9857.16} 
[2021-06-28 12:25:58] production.DEBUG: insert into `migrations` (`migration`, `batch`) values (?, ?) {"params":["2019_02_18_131502_create_referral_bonuses_table",1],"time":408.56} 
[2021-06-28 12:26:02] production.DEBUG: create table `chat_messages` (`id` int unsigned not null auto_increment primary key, `user_id` int unsigned not null, `message` text not null, `created_at` timestamp null, `updated_at` timestamp null) default character set utf8 collate 'utf8_unicode_ci' engine = InnoDB {"params":[],"time":3462.67} 
[2021-06-28 12:26:13] production.DEBUG: alter table `chat_messages` add constraint `chat_messages_user_id_foreign` foreign key (`user_id`) references `users` (`id`) on delete cascade on update cascade {"params":[],"time":10955.01} 
[2021-06-28 12:26:14] production.DEBUG: insert into `migrations` (`migration`, `batch`) values (?, ?) {"params":["2019_02_19_125624_create_chat_messages_table",1],"time":814.38} 
[2021-06-28 12:26:17] production.DEBUG: create table `debits` (`id` int unsigned not null auto_increment primary key, `account_id` int unsigned not null, `amount` decimal(20, 2) not null, `created_at` timestamp null, `updated_at` timestamp null) default character set utf8 collate 'utf8_unicode_ci' engine = InnoDB {"params":[],"time":3490.13} 
[2021-06-28 12:26:26] production.DEBUG: alter table `debits` add constraint `debits_account_id_foreign` foreign key (`account_id`) references `accounts` (`id`) on delete cascade on update cascade {"params":[],"time":8802.88} 
[2021-06-28 12:26:26] production.DEBUG: insert into `migrations` (`migration`, `batch`) values (?, ?) {"params":["2019_03_05_072317_create_debits_table",1],"time":531.81} 
[2021-06-28 12:26:28] production.DEBUG: create table `credits` (`id` int unsigned not null auto_increment primary key, `account_id` int unsigned not null, `amount` decimal(20, 2) not null, `created_at` timestamp null, `updated_at` timestamp null) default character set utf8 collate 'utf8_unicode_ci' engine = InnoDB {"params":[],"time":1954.06} 
[2021-06-28 12:26:38] production.DEBUG: alter table `credits` add constraint `credits_account_id_foreign` foreign key (`account_id`) references `accounts` (`id`) on delete cascade on update cascade {"params":[],"time":9832.09} 
[2021-06-28 12:26:39] production.DEBUG: insert into `migrations` (`migration`, `batch`) values (?, ?) {"params":["2019_03_05_072644_create_credits_table",1],"time":563.21} 
[2021-06-28 12:26:39] production.DEBUG: alter table `games` add `secret` varchar(300) not null after `status`, add `server_seed` varchar(32) not null after `secret`, add `client_seed` varchar(32) null after `server_seed` {"params":[],"time":729.14} 
[2021-06-28 12:26:40] production.DEBUG: insert into `migrations` (`migration`, `batch`) values (?, ?) {"params":["2019_03_11_101041_alter_games_table_add_secret_seed",1],"time":283.98} 
[2021-06-28 12:26:41] production.DEBUG: alter table `game_slots` add `bet_amount` decimal(10, 2) not null after `lines_bet` {"params":[],"time":1606.24} 
[2021-06-28 12:26:42] production.DEBUG: insert into `migrations` (`migration`, `batch`) values (?, ?) {"params":["2019_03_13_142811_alter_game_slots_table_add_bet_amount",1],"time":356.31} 
[2021-06-28 12:26:43] production.DEBUG: alter table `users` add `totp_secret` varchar(300) null after `remember_token` {"params":[],"time":1253.75} 
[2021-06-28 12:26:43] production.DEBUG: insert into `migrations` (`migration`, `batch`) values (?, ?) {"params":["2019_06_13_095842_alter_users_table_add2_f_a_secret",1],"time":288.3} 
[2021-06-28 12:26:45] production.DEBUG: alter table `users` add `referee_sign_up_credits` int unsigned null after `totp_secret`, add `referrer_sign_up_credits` int unsigned null after `referee_sign_up_credits`, add `referrer_game_bet_pct` decimal(8, 2) unsigned null after `referrer_sign_up_credits`, add `referrer_deposit_pct` decimal(8, 2) unsigned null after `referrer_game_bet_pct` {"params":[],"time":1304.41} 
[2021-06-28 12:26:45] production.DEBUG: insert into `migrations` (`migration`, `batch`) values (?, ?) {"params":["2019_07_16_070139_alter_users_table_add_referrer_fields",1],"time":305.76} 
[2021-06-28 12:26:46] production.DEBUG: update `account_transactions` set `transactionable_type` = ?, `updated_at` = ? where `transactionable_type` = ? {"params":["App\\Models\\Bonus","2021-06-28 12:26:45","App\\Models\\ReferralBonus"],"time":162.97} 
[2021-06-28 12:26:46] production.DEBUG: alter table `referral_bonuses` drop foreign key `referral_bonuses_user_id_foreign` {"params":[],"time":471.82} 
[2021-06-28 12:26:47] production.DEBUG: rename table `referral_bonuses` to `bonuses` {"params":[],"time":1385.6} 
[2021-06-28 12:26:49] production.DEBUG: alter table `bonuses` add `account_id` int unsigned not null after `id` {"params":[],"time":1427.37} 
[2021-06-28 12:26:49] production.DEBUG: select * from `bonuses` {"params":[],"time":0.57} 
[2021-06-28 12:26:52] production.DEBUG: alter table `bonuses` drop `user_id` {"params":[],"time":2033.49} 
[2021-06-28 12:27:01] production.DEBUG: alter table `bonuses` add constraint `bonuses_account_id_foreign` foreign key (`account_id`) references `accounts` (`id`) on delete cascade on update cascade {"params":[],"time":9042.26} 
[2021-06-28 12:27:01] production.DEBUG: insert into `migrations` (`migration`, `batch`) values (?, ?) {"params":["2019_09_18_150215_alter_referral_bonuses_table_add_account_id_foreign_key",1],"time":179.98} 
[2021-06-28 12:27:02] production.DEBUG: alter table `users` add `referrer_game_loss_pct` decimal(8, 2) unsigned null after `referrer_sign_up_credits`, add `referrer_game_win_pct` decimal(8, 2) unsigned null after `referrer_game_loss_pct` {"params":[],"time":1207.71} 
[2021-06-28 12:27:02] production.DEBUG: alter table `users` drop `referrer_game_bet_pct` {"params":[],"time":517.57} 
[2021-06-28 12:27:03] production.DEBUG: insert into `migrations` (`migration`, `batch`) values (?, ?) {"params":["2019_09_19_085844_alter_users_table_modify_referrer_fields",1],"time":400.97} 
[2021-06-28 12:27:05] production.DEBUG: create table `commands` (`id` int unsigned not null auto_increment primary key, `class` varchar(255) not null, `count` int unsigned not null default '1', `created_at` timestamp null, `updated_at` timestamp null) default character set utf8 collate 'utf8_unicode_ci' engine = InnoDB {"params":[],"time":2267.05} 
[2021-06-28 12:27:06] production.DEBUG: alter table `commands` add unique `commands_class_unique`(`class`) {"params":[],"time":1103.55} 
[2021-06-28 12:27:07] production.DEBUG: insert into `migrations` (`migration`, `batch`) values (?, ?) {"params":["2019_09_26_091033_create_commands_table",1],"time":493.24} 
[2021-06-28 12:27:08] production.DEBUG: create table `social_profiles` (`id` int unsigned not null auto_increment primary key, `user_id` int unsigned not null, `provider_name` varchar(50) not null, `provider_user_id` varchar(255) not null, `created_at` timestamp null, `updated_at` timestamp null) default character set utf8 collate 'utf8_unicode_ci' engine = InnoDB {"params":[],"time":1412.37} 
[2021-06-28 12:27:13] production.DEBUG: alter table `social_profiles` add constraint `social_profiles_user_id_foreign` foreign key (`user_id`) references `users` (`id`) on delete cascade on update cascade {"params":[],"time":5176.31} 
[2021-06-28 12:27:15] production.DEBUG: alter table `social_profiles` add unique `social_profiles_provider_name_provider_user_id_unique`(`provider_name`, `provider_user_id`) {"params":[],"time":1442.68} 
[2021-06-28 12:27:15] production.DEBUG: insert into `migrations` (`migration`, `batch`) values (?, ?) {"params":["2019_10_03_100000_create_social_profiles_table",1],"time":159.92} 
[2021-06-28 12:27:17] production.DEBUG: create table `game_free_slots` (`id` int unsigned not null auto_increment primary key, `account_id` int unsigned not null, `bet` decimal(16, 2) not null, `lines` int not null, `quantity` int not null, `created_at` timestamp null, `updated_at` timestamp null) default character set utf8 collate 'utf8_unicode_ci' engine = InnoDB {"params":[],"time":2021.04} 
[2021-06-28 12:27:24] production.DEBUG: alter table `game_free_slots` add constraint `game_free_slots_account_id_foreign` foreign key (`account_id`) references `accounts` (`id`) on delete cascade on update cascade {"params":[],"time":7414.61} 
[2021-06-28 12:27:26] production.DEBUG: alter table `game_free_slots` add index `game_free_slots_quantity_index`(`quantity`) {"params":[],"time":1500.61} 
[2021-06-28 12:27:26] production.DEBUG: insert into `migrations` (`migration`, `batch`) values (?, ?) {"params":["2020_05_26_000001_create_game_free_slots_table",1],"time":314.49} 
[2021-06-28 12:27:26] production.DEBUG: alter table `game_slots` add `free_games_count` int not null after `scatters_count` {"params":[],"time":294.19} 
[2021-06-28 12:27:27] production.DEBUG: insert into `migrations` (`migration`, `batch`) values (?, ?) {"params":["2020_05_26_000010_alter_game_slots_table_add_free_games_count",1],"time":229.39} 
[2021-06-28 12:31:57] production.DEBUG: select * from `users` where `email` = ? and `status` = ? limit 1 {"params":["qa.webdeveloperteam20210325@gmail.com",0],"time":141.42} 
